<?xml version="1.0" encoding="UTF-8"?>
<testsuite xmlns:xsi="http://www.w3.org/2001/XMLSchema-instance" xsi:noNamespaceSchemaLocation="https://maven.apache.org/surefire/maven-surefire-plugin/xsd/surefire-test-report.xsd" version="3.0.2" name="br.edu.fateczl.hotel.HotelApplicationTests" time="5.04" tests="1" errors="0" skipped="0" failures="0">
  <properties>
[...]
</properties>
  <testcase name="contextLoads" classname="br.edu.fateczl.hotel.HotelApplicationTests" time="0.302">
    <system-out><![CDATA[01:23:24.134 [main] INFO org.springframework.test.context.support.AnnotationConfigContextLoaderUtils -- Could not detect default configuration classes for test class [br.edu.fateczl.hotel.HotelApplicationTests]: HotelApplicationTests does not declare any static, non-private, non-final, nested classes annotated with @Configuration.
01:23:24.246 [main] INFO org.springframework.boot.test.context.SpringBootTestContextBootstrapper -- Found @SpringBootConfiguration br.edu.fateczl.hotel.HotelApplication for test class br.edu.fateczl.hotel.HotelApplicationTests

  .   ____          _            __ _ _
 /\\ / ___'_ __ _ _(_)_ __  __ _ \ \ \ \
( ( )\___ | '_ | '_| | '_ \/ _` | \ \ \ \
 \\/  ___)| |_)| | | | | || (_| |  ) ) ) )
  '  |____| .__|_| |_|_| |_\__, | / / / /
 =========|_|==============|___/=/_/_/_/

 :: Spring Boot ::                (v3.5.7)

2025-11-24T01:23:24.644-03:00  INFO 13552 --- [hotel] [           main] b.e.fateczl.hotel.HotelApplicationTests  : Starting HotelApplicationTests using Java 21.0.7 with PID 13552 (started by Paulo in C:\Dev\repos\hotel)
2025-11-24T01:23:24.644-03:00  INFO 13552 --- [hotel] [           main] b.e.fateczl.hotel.HotelApplicationTests  : No active profile set, falling back to 1 default profile: "default"
2025-11-24T01:23:25.285-03:00  INFO 13552 --- [hotel] [           main] .s.d.r.c.RepositoryConfigurationDelegate : Bootstrapping Spring Data JPA repositories in DEFAULT mode.
2025-11-24T01:23:25.353-03:00  INFO 13552 --- [hotel] [           main] .s.d.r.c.RepositoryConfigurationDelegate : Finished Spring Data repository scanning in 58 ms. Found 7 JPA repository interfaces.
2025-11-24T01:23:25.818-03:00  INFO 13552 --- [hotel] [           main] o.hibernate.jpa.internal.util.LogHelper  : HHH000204: Processing PersistenceUnitInfo [name: default]
2025-11-24T01:23:25.886-03:00  INFO 13552 --- [hotel] [           main] org.hibernate.Version                    : HHH000412: Hibernate ORM core version 6.6.33.Final
2025-11-24T01:23:25.922-03:00  INFO 13552 --- [hotel] [           main] o.h.c.internal.RegionFactoryInitiator    : HHH000026: Second-level cache disabled
2025-11-24T01:23:26.243-03:00  INFO 13552 --- [hotel] [           main] o.s.o.j.p.SpringPersistenceUnitInfo      : No LoadTimeWeaver setup: ignoring JPA class transformer
2025-11-24T01:23:26.274-03:00  INFO 13552 --- [hotel] [           main] com.zaxxer.hikari.HikariDataSource       : HikariPool-1 - Starting...
2025-11-24T01:23:26.614-03:00  INFO 13552 --- [hotel] [           main] com.zaxxer.hikari.pool.HikariPool        : HikariPool-1 - Added connection ConnectionID:1 ClientConnectionId: 4fd8dd66-ae64-48bd-aad0-a1ec8a58007d
2025-11-24T01:23:26.615-03:00  INFO 13552 --- [hotel] [           main] com.zaxxer.hikari.HikariDataSource       : HikariPool-1 - Start completed.
2025-11-24T01:23:26.689-03:00  WARN 13552 --- [hotel] [           main] org.hibernate.orm.deprecation            : HHH90000025: SQLServerDialect does not need to be specified explicitly using 'hibernate.dialect' (remove the property setting and it will be selected by default)
2025-11-24T01:23:26.708-03:00  INFO 13552 --- [hotel] [           main] org.hibernate.orm.connections.pooling    : HHH10001005: Database info:
	Database JDBC URL [Connecting through datasource 'HikariDataSource (HikariPool-1)']
	Database driver: undefined/unknown
	Database version: 16.0
	Autocommit mode: undefined/unknown
	Isolation level: undefined/unknown
	Minimum pool size: undefined/unknown
	Maximum pool size: undefined/unknown
2025-11-24T01:23:27.485-03:00  INFO 13552 --- [hotel] [           main] o.h.e.t.j.p.i.JtaPlatformInitiator       : HHH000489: No JTA platform available (set 'hibernate.transaction.jta.platform' to enable JTA platform integration)
Hibernate: 
    create table tb_clientes (
        id bigint identity not null,
        cidade_origem varchar(255) not null,
        cpf varchar(14) not null,
        nome varchar(255) not null,
        telefone varchar(17) not null,
        primary key (id)
    )
Hibernate: 
    create table tb_estadias (
        id bigint identity not null,
        data_check_in datetime2(6) not null,
        data_check_out datetime2(6) not null,
        valor_total numeric(38,2) not null,
        cliente_id bigint not null,
        quarto_id bigint not null,
        primary key (id)
    )
Hibernate: 
    create table tb_quartos (
        id bigint identity not null,
        andar int not null,
        descricao varchar(255) not null,
        numero int not null,
        tipo_quarto_id bigint not null,
        primary key (id)
    )
Hibernate: 
    create table tb_reservas (
        id bigint identity not null,
        data_inicio date not null,
        data_reserva date not null,
        quantidade_dias int not null,
        status varchar(255) not null check (status in ('ATIVA','CANCELADA')),
        cliente_id bigint not null,
        quarto_id bigint not null,
        primary key (id)
    )
Hibernate: 
    create table tb_servicos (
        id bigint identity not null,
        descricao varchar(255) not null,
        nome varchar(255) not null,
        valor numeric(38,2) not null,
        primary key (id)
    )
Hibernate: 
    create table tb_servicos_solicitados (
        id bigint identity not null,
        quantidade int not null,
        valor_total numeric(38,2) not null,
        estadia_id bigint not null,
        servico_id bigint not null,
        primary key (id)
    )
Hibernate: 
    create table tb_tipos_quarto (
        id bigint identity not null,
        nome varchar(255) not null,
        valor_diaria numeric(38,2) not null,
        primary key (id)
    )
Hibernate: 
    alter table tb_clientes 
       drop constraint if exists UKrl87ok1y442c0jopurhg1lodw
Hibernate: 
    alter table tb_clientes 
       add constraint UKrl87ok1y442c0jopurhg1lodw unique (cpf)
Hibernate: 
    alter table tb_quartos 
       drop constraint if exists UK5rsuky8njne62yaj6ggabq52x
Hibernate: 
    alter table tb_quartos 
       add constraint UK5rsuky8njne62yaj6ggabq52x unique (numero)
Hibernate: 
    alter table tb_estadias 
       add constraint FKeh5ce2s92cgobrubtoba0med3 
       foreign key (cliente_id) 
       references tb_clientes
Hibernate: 
    alter table tb_estadias 
       add constraint FKc1scou4rbwofm30dy50jkk4vn 
       foreign key (quarto_id) 
       references tb_quartos
Hibernate: 
    alter table tb_quartos 
       add constraint FKl1n5hlgjjryrue7w99qr00rs7 
       foreign key (tipo_quarto_id) 
       references tb_tipos_quarto
Hibernate: 
    alter table tb_reservas 
       add constraint FK51n2pk61o3iq6wlhqbe6vieks 
       foreign key (cliente_id) 
       references tb_clientes
Hibernate: 
    alter table tb_reservas 
       add constraint FKjs4ige6s7t00tdwft981257jn 
       foreign key (quarto_id) 
       references tb_quartos
Hibernate: 
    alter table tb_servicos_solicitados 
       add constraint FKdq3ppokooc9lwaloaw8e8g0y4 
       foreign key (estadia_id) 
       references tb_estadias
Hibernate: 
    alter table tb_servicos_solicitados 
       add constraint FKeodap99wprd09vxhjru87hk9t 
       foreign key (servico_id) 
       references tb_servicos
2025-11-24T01:23:27.740-03:00  INFO 13552 --- [hotel] [           main] j.LocalContainerEntityManagerFactoryBean : Initialized JPA EntityManagerFactory for persistence unit 'default'
2025-11-24T01:23:28.266-03:00  WARN 13552 --- [hotel] [           main] JpaBaseConfiguration$JpaWebConfiguration : spring.jpa.open-in-view is enabled by default. Therefore, database queries may be performed during view rendering. Explicitly configure spring.jpa.open-in-view to disable this warning
2025-11-24T01:23:28.287-03:00  INFO 13552 --- [hotel] [           main] o.s.b.a.w.s.WelcomePageHandlerMapping    : Adding welcome page template: index
2025-11-24T01:23:28.351-03:00 TRACE 13552 --- [hotel] [           main] s.w.s.m.m.a.RequestMappingHandlerMapping : 
	b.e.f.h.c.ClienteController:
	{POST [/cliente/buscar]}: buscarClientePorCpf(String,Model)
	{POST [/cliente/excluir]}: excluirClientePorCpf(String,Model)
	{POST [/cliente/atualizar]}: atualizarCliente(ClienteDTO,Model)
	{POST [/cliente/criar]}: criarCliente(ClienteDTO,Model)
	{POST [/cliente/listar]}: listarClientes(Model)
	{GET [/cliente]}: carregarForm(Model)
2025-11-24T01:23:28.356-03:00 TRACE 13552 --- [hotel] [           main] s.w.s.m.m.a.RequestMappingHandlerMapping : 
	b.e.f.h.c.EstadiaController:
	{POST [/estadia/atualizar]}: atualizarEstadia(EstadiaDTO,Model)
	{POST [/estadia/criar]}: criarEstadia(EstadiaDTO,Model)
	{POST [/estadia/excluir]}: excluirEstadia(Long,Model)
	{POST [/estadia/buscar]}: buscarEstadiaPorId(Long,Model)
	{POST [/estadia/listar]}: listarEstadias(Model)
	{GET [/estadia]}: carregarForm(Model)
2025-11-24T01:23:28.357-03:00 TRACE 13552 --- [hotel] [           main] s.w.s.m.m.a.RequestMappingHandlerMapping : 
	b.e.f.h.c.MainController:
	{GET [/]}: index()
2025-11-24T01:23:28.358-03:00 TRACE 13552 --- [hotel] [           main] s.w.s.m.m.a.RequestMappingHandlerMapping : 
	b.e.f.h.c.QuartoController:
	{POST [/quarto/excluir]}: excluirQuartoPorNumero(Integer,Model)
	{POST [/quarto/buscar]}: buscarQuartoPorNumero(Integer,Model)
	{POST [/quarto/criar]}: criarQuarto(QuartoDTO,Model)
	{POST [/quarto/atualizar]}: atualizarQuarto(QuartoDTO,Model)
	{POST [/quarto/listar]}: listarQuartos(Model)
	{GET [/quarto]}: carregarForm(Model)
2025-11-24T01:23:28.359-03:00 TRACE 13552 --- [hotel] [           main] s.w.s.m.m.a.RequestMappingHandlerMapping : 
	b.e.f.h.c.RelatorioController:
	{POST [/relatorio/checkoutClienteEstadia]}: gerarRelatorioCheckoutCliente(Map)
	{POST [/relatorio/quartosDisponiveis]}: gerarRelatorioQuartosDisponiveis(Map)
	{POST [/relatorio/reservasClientes]}: gerarRelatorioReservasClientes(Map)
	{GET [/relatorio]}: carregarForm(Model)
2025-11-24T01:23:28.361-03:00 TRACE 13552 --- [hotel] [           main] s.w.s.m.m.a.RequestMappingHandlerMapping : 
	b.e.f.h.c.ReservaController:
	{POST [/reserva/remover-vencidas]}: removerReservasVencidas(Model)
	{POST [/reserva/atualizar]}: atualizarReserva(ReservaDTO,Model)
	{POST [/reserva/excluir]}: excluirReserva(Long,Model)
	{POST [/reserva/criar]}: criarReserva(ReservaDTO,Model)
	{POST [/reserva/buscar]}: buscarReservaPorId(Long,Model)
	{POST [/reserva/listar]}: listarReservas(Model)
	{GET [/reserva]}: carregarForm(Model)
2025-11-24T01:23:28.362-03:00 TRACE 13552 --- [hotel] [           main] s.w.s.m.m.a.RequestMappingHandlerMapping : 
	b.e.f.h.c.ServicoController:
	{POST [/servico/excluir]}: excluirServico(Long,Model)
	{POST [/servico/listar]}: listarServicos(Model)
	{POST [/servico/atualizar]}: atualizarServico(ServicoDTO,Model)
	{POST [/servico/buscar]}: buscarServicoPorId(Long,Model)
	{POST [/servico/criar]}: criarServico(ServicoDTO,Model)
	{GET [/servico]}: carregarForm(Model)
2025-11-24T01:23:28.363-03:00 TRACE 13552 --- [hotel] [           main] s.w.s.m.m.a.RequestMappingHandlerMapping : 
	b.e.f.h.c.ServicoSolicitadoController:
	
2025-11-24T01:23:28.364-03:00 TRACE 13552 --- [hotel] [           main] s.w.s.m.m.a.RequestMappingHandlerMapping : 
	b.e.f.h.c.TipoQuartoController:
	{POST [/tipoQuarto/buscar]}: buscarTipoQuartoPorId(Long,Model)
	{POST [/tipoQuarto/atualizar]}: atualizarTipoQuarto(TipoQuartoDTO,Model)
	{POST [/tipoQuarto/excluir]}: excluirTipoQuarto(Long,Model)
	{POST [/tipoQuarto/listar]}: listarTiposQuarto(Model)
	{POST [/tipoQuarto/criar]}: criarTipoQuarto(TipoQuartoDTO,Model)
	{GET [/tipoQuarto]}: carregarForm(Model)
2025-11-24T01:23:28.366-03:00 TRACE 13552 --- [hotel] [           main] s.w.s.m.m.a.RequestMappingHandlerMapping : 
	o.s.b.a.w.s.e.BasicErrorController:
	{ [/error]}: error(HttpServletRequest)
	{ [/error], produces [text/html]}: errorHtml(HttpServletRequest,HttpServletResponse)
2025-11-24T01:23:28.368-03:00 DEBUG 13552 --- [hotel] [           main] s.w.s.m.m.a.RequestMappingHandlerMapping : 44 mappings in 'requestMappingHandlerMapping'
2025-11-24T01:23:28.677-03:00  INFO 13552 --- [hotel] [           main] b.e.fateczl.hotel.HotelApplicationTests  : Started HotelApplicationTests in 4.274 seconds (process running for 5.262)
]]></system-out>
    <system-err><![CDATA[Mockito is currently self-attaching to enable the inline-mock-maker. This will no longer work in future releases of the JDK. Please add Mockito as an agent to your build as described in Mockito's documentation: https://javadoc.io/doc/org.mockito/mockito-core/latest/org.mockito/org/mockito/Mockito.html#0.3
WARNING: A Java agent has been loaded dynamically (C:\Users\Paulo\.m2\repository\net\bytebuddy\byte-buddy-agent\1.17.8\byte-buddy-agent-1.17.8.jar)
WARNING: If a serviceability tool is in use, please run with -XX:+EnableDynamicAgentLoading to hide this warning
WARNING: If a serviceability tool is not in use, please run with -Djdk.instrument.traceUsage for more information
WARNING: Dynamic loading of agents will be disallowed by default in a future release
]]></system-err>
  </testcase>
</testsuite>